<html>
<head>
<title>TestNG:  Command line test</title>
<link href="../testng.css" rel="stylesheet" type="text/css" />
<link href="../my-testng.css" rel="stylesheet" type="text/css" />

<style type="text/css">
.log { display: none;} 
.stack-trace { display: none;} 
</style>
<script type="text/javascript">
<!--
function flip(e) {
  current = e.style.display;
  if (current == 'block') {
    e.style.display = 'none';
    return 0;
  }
  else {
    e.style.display = 'block';
    return 1;
  }
}

function toggleBox(szDivId, elem, msg1, msg2)
{
  var res = -1;  if (document.getElementById) {
    res = flip(document.getElementById(szDivId));
  }
  else if (document.all) {
    // this is the way old msie versions work
    res = flip(document.all[szDivId]);
  }
  if(elem) {
    if(res == 0) elem.innerHTML = msg1; else elem.innerHTML = msg2;
  }

}

function toggleAllBoxes() {
  if (document.getElementsByTagName) {
    d = document.getElementsByTagName('div');
    for (i = 0; i < d.length; i++) {
      if (d[i].className == 'log') {
        flip(d[i]);
      }
    }
  }
}

// -->
</script>

</head>
<body>
<h2 align='center'>Command line test</h2><table border='1' align="center">
<tr>
<td>Tests passed/Failed/Skipped:</td><td>0/0/49</td>
</tr><tr>
<td>Started on:</td><td>Mon Sep 10 18:22:50 ICT 2018</td>
</tr>
<tr><td>Total time:</td><td>1 seconds (1534 ms)</td>
</tr><tr>
<td>Included groups:</td><td></td>
</tr><tr>
<td>Excluded groups:</td><td></td>
</tr>
</table><p/>
<small><i>(Hover the method name to see the test class name)</i></small><p/>
<table width='100%' border='1' class='invocation-failed'>
<tr><td colspan='4' align='center'><b>FAILED CONFIGURATIONS</b></td></tr>
<tr><td><b>Test method</b></td>
<td width="30%"><b>Exception</b></td>
<td width="10%"><b>Time (seconds)</b></td>
<td><b>Instance</b></td>
</tr>
<tr>
<td title='Event.EventTest.beforeTest()'><b>beforeTest</b><br>Test class: Event.EventTest</td>
<td><div><pre>org.openqa.selenium.remote.UnreachableBrowserException: Could not start a new session. Possible causes are invalid address of the remote server or browser start-up failure.
Build info: version: &apos;2.53.1&apos;, revision: &apos;a36b8b1cd5757287168e54b817830adce9b0158d&apos;, time: &apos;2016-06-30 19:26:09&apos;
System info: host: &apos;dfmpc106.example.com&apos;, ip: &apos;127.0.0.1&apos;, os.name: &apos;Linux&apos;, os.arch: &apos;amd64&apos;, os.version: &apos;3.16.0-4-amd64&apos;, java.version: &apos;1.8.0_161&apos;
Driver info: driver.version: AndroidDriver
	at org.openqa.selenium.remote.RemoteWebDriver.execute(RemoteWebDriver.java:665)
	at io.appium.java_client.DefaultGenericMobileDriver.execute(DefaultGenericMobileDriver.java:40)
	at io.appium.java_client.AppiumDriver.execute(AppiumDriver.java:1)
	at io.appium.java_client.android.AndroidDriver.execute(AndroidDriver.java:1)
	at org.openqa.selenium.remote.RemoteWebDriver.startSession(RemoteWebDriver.java:249)
	at org.openqa.selenium.remote.RemoteWebDriver.&lt;init&gt;(RemoteWebDriver.java:131)
	at org.openqa.selenium.remote.RemoteWebDriver.&lt;init&gt;(RemoteWebDriver.java:144)
	at io.appium.java_client.DefaultGenericMobileDriver.&lt;init&gt;(DefaultGenericMobileDriver.java:36)
	at io.appium.java_client.AppiumDriver.&lt;init&gt;(AppiumDriver.java:114)
	at io.appium.java_client.AppiumDriver.&lt;init&gt;(AppiumDriver.java:132)
	at io.appium.java_client.android.AndroidDriver.&lt;init&gt;(AndroidDriver.java:92)
	at Event.EventTest.beforeTest(EventTest.java:39)
	at org.apache.maven.surefire.testng.TestNGExecutor.run(TestNGExecutor.java:77)
	at org.apache.maven.surefire.testng.TestNGDirectoryTestSuite.executeMulti(TestNGDirectoryTestSuite.java:159)
	at org.apache.maven.surefire.testng.TestNGDirectoryTestSuite.execute(TestNGDirectoryTestSuite.java:99)
	at org.apache.maven.surefire.testng.TestNGProvider.invoke(TestNGProvider.java:106)
	at org.apache.maven.surefire.util.ReflectionUtils.invokeMethodWithArray(ReflectionUtils.java:189)
	at org.apache.maven.surefire.booter.ProviderFactory$ProviderProxy.invoke(ProviderFactory.java:165)
	at org.apache.maven.surefire.booter.ProviderFactory.invokeProvider(ProviderFactory.java:85)
	at org.apache.maven.surefire.booter.ForkedBooter.runSuitesInProcess(ForkedBooter.java:115)
	at org.apache.maven.surefire.booter.ForkedBooter.main(ForkedBooter.java:75)
Caused by: org.openqa.selenium.WebDriverException: org.apache.http.conn.HttpHostConnectException: Connect to 0.0.0.0:4723 [/0.0.0.0] failed: Connection refused (Connection refused)
Build info: version: &apos;2.53.1&apos;, revision: &apos;a36b8b1cd5757287168e54b817830adce9b0158d&apos;, time: &apos;2016-06-30 19:26:09&apos;
System info: host: &apos;dfmpc106.example.com&apos;, ip: &apos;127.0.0.1&apos;, os.name: &apos;Linux&apos;, os.arch: &apos;amd64&apos;, os.version: &apos;3.16.0-4-amd64&apos;, java.version: &apos;1.8.0_161&apos;
Driver info: driver.version: AndroidDriver
	at io.appium.java_client.remote.AppiumCommandExecutor.execute(AppiumCommandExecutor.java:84)
	at org.openqa.selenium.remote.RemoteWebDriver.execute(RemoteWebDriver.java:644)
	... 43 more
Caused by: org.apache.http.conn.HttpHostConnectException: Connect to 0.0.0.0:4723 [/0.0.0.0] failed: Connection refused (Connection refused)
	at org.apache.http.impl.conn.DefaultHttpClientConnectionOperator.connect(DefaultHttpClientConnectionOperator.java:158)
	at org.apache.http.impl.conn.PoolingHttpClientConnectionManager.connect(PoolingHttpClientConnectionManager.java:353)
	at org.apache.http.impl.execchain.MainClientExec.establishRoute(MainClientExec.java:380)
	at org.apache.http.impl.execchain.MainClientExec.execute(MainClientExec.java:236)
	at org.apache.http.impl.execchain.ProtocolExec.execute(ProtocolExec.java:184)
	at org.apache.http.impl.execchain.RetryExec.execute(RetryExec.java:88)
	at org.apache.http.impl.execchain.RedirectExec.execute(RedirectExec.java:110)
	at org.apache.http.impl.client.InternalHttpClient.doExecute(InternalHttpClient.java:184)
	at org.apache.http.impl.client.CloseableHttpClient.execute(CloseableHttpClient.java:71)
	at org.apache.http.impl.client.CloseableHttpClient.execute(CloseableHttpClient.java:55)
	at org.openqa.selenium.remote.internal.ApacheHttpClient.fallBackExecute(ApacheHttpClient.java:144)
	at org.openqa.selenium.remote.internal.ApacheHttpClient.execute(ApacheHttpClient.java:90)
	at org.openqa.selenium.remote.HttpCommandExecutor.execute(HttpCommandExecutor.java:142)
	at io.appium.java_client.remote.AppiumCommandExecutor.execute(AppiumCommandExecutor.java:69)
	... 44 more
Caused by: java.net.ConnectException: Connection refused (Connection refused)
	at java.net.PlainSocketImpl.socketConnect(Native Method)
	at java.net.AbstractPlainSocketImpl.doConnect(AbstractPlainSocketImpl.java:350)
	at java.net.AbstractPlainSocketImpl.connectToAddress(AbstractPlainSocketImpl.java:204)
	at java.net.AbstractPlainSocketImpl.connect(AbstractPlainSocketImpl.java:188)
	at java.net.SocksSocketImpl.connect(SocksSocketImpl.java:392)
	at java.net.Socket.connect(Socket.java:589)
	at org.apache.http.conn.socket.PlainConnectionSocketFactory.connectSocket(PlainConnectionSocketFactory.java:74)
	at org.apache.http.impl.conn.DefaultHttpClientConnectionOperator.connect(DefaultHttpClientConnectionOperator.java:141)
	... 57 more
... Removed 23 stack frames</pre></div><a href='#' onClick='toggleBox("stack-trace119290689", this, "Click to show all stack frames", "Click to hide stack frames")'>Click to show all stack frames</a>
<div class='stack-trace' id='stack-trace119290689'><pre>org.openqa.selenium.remote.UnreachableBrowserException: Could not start a new session. Possible causes are invalid address of the remote server or browser start-up failure.
Build info: version: &apos;2.53.1&apos;, revision: &apos;a36b8b1cd5757287168e54b817830adce9b0158d&apos;, time: &apos;2016-06-30 19:26:09&apos;
System info: host: &apos;dfmpc106.example.com&apos;, ip: &apos;127.0.0.1&apos;, os.name: &apos;Linux&apos;, os.arch: &apos;amd64&apos;, os.version: &apos;3.16.0-4-amd64&apos;, java.version: &apos;1.8.0_161&apos;
Driver info: driver.version: AndroidDriver
	at org.openqa.selenium.remote.RemoteWebDriver.execute(RemoteWebDriver.java:665)
	at io.appium.java_client.DefaultGenericMobileDriver.execute(DefaultGenericMobileDriver.java:40)
	at io.appium.java_client.AppiumDriver.execute(AppiumDriver.java:1)
	at io.appium.java_client.android.AndroidDriver.execute(AndroidDriver.java:1)
	at org.openqa.selenium.remote.RemoteWebDriver.startSession(RemoteWebDriver.java:249)
	at org.openqa.selenium.remote.RemoteWebDriver.&lt;init&gt;(RemoteWebDriver.java:131)
	at org.openqa.selenium.remote.RemoteWebDriver.&lt;init&gt;(RemoteWebDriver.java:144)
	at io.appium.java_client.DefaultGenericMobileDriver.&lt;init&gt;(DefaultGenericMobileDriver.java:36)
	at io.appium.java_client.AppiumDriver.&lt;init&gt;(AppiumDriver.java:114)
	at io.appium.java_client.AppiumDriver.&lt;init&gt;(AppiumDriver.java:132)
	at io.appium.java_client.android.AndroidDriver.&lt;init&gt;(AndroidDriver.java:92)
	at Event.EventTest.beforeTest(EventTest.java:39)
	at sun.reflect.NativeMethodAccessorImpl.invoke0(Native Method)
	at sun.reflect.NativeMethodAccessorImpl.invoke(NativeMethodAccessorImpl.java:62)
	at sun.reflect.DelegatingMethodAccessorImpl.invoke(DelegatingMethodAccessorImpl.java:43)
	at java.lang.reflect.Method.invoke(Method.java:498)
	at org.testng.internal.MethodInvocationHelper.invokeMethod(MethodInvocationHelper.java:80)
	at org.testng.internal.Invoker.invokeConfigurationMethod(Invoker.java:564)
	at org.testng.internal.Invoker.invokeConfigurations(Invoker.java:213)
	at org.testng.internal.Invoker.invokeConfigurations(Invoker.java:138)
	at org.testng.TestRunner.beforeRun(TestRunner.java:641)
	at org.testng.TestRunner.run(TestRunner.java:609)
	at org.testng.SuiteRunner.runTest(SuiteRunner.java:334)
	at org.testng.SuiteRunner.runSequentially(SuiteRunner.java:329)
	at org.testng.SuiteRunner.privateRun(SuiteRunner.java:291)
	at org.testng.SuiteRunner.run(SuiteRunner.java:240)
	at org.testng.SuiteRunnerWorker.runSuite(SuiteRunnerWorker.java:52)
	at org.testng.SuiteRunnerWorker.run(SuiteRunnerWorker.java:86)
	at org.testng.TestNG.runSuitesSequentially(TestNG.java:1198)
	at org.testng.TestNG.runSuitesLocally(TestNG.java:1123)
	at org.testng.TestNG.run(TestNG.java:1031)
	at org.apache.maven.surefire.testng.TestNGExecutor.run(TestNGExecutor.java:77)
	at org.apache.maven.surefire.testng.TestNGDirectoryTestSuite.executeMulti(TestNGDirectoryTestSuite.java:159)
	at org.apache.maven.surefire.testng.TestNGDirectoryTestSuite.execute(TestNGDirectoryTestSuite.java:99)
	at org.apache.maven.surefire.testng.TestNGProvider.invoke(TestNGProvider.java:106)
	at sun.reflect.NativeMethodAccessorImpl.invoke0(Native Method)
	at sun.reflect.NativeMethodAccessorImpl.invoke(NativeMethodAccessorImpl.java:62)
	at sun.reflect.DelegatingMethodAccessorImpl.invoke(DelegatingMethodAccessorImpl.java:43)
	at java.lang.reflect.Method.invoke(Method.java:498)
	at org.apache.maven.surefire.util.ReflectionUtils.invokeMethodWithArray(ReflectionUtils.java:189)
	at org.apache.maven.surefire.booter.ProviderFactory$ProviderProxy.invoke(ProviderFactory.java:165)
	at org.apache.maven.surefire.booter.ProviderFactory.invokeProvider(ProviderFactory.java:85)
	at org.apache.maven.surefire.booter.ForkedBooter.runSuitesInProcess(ForkedBooter.java:115)
	at org.apache.maven.surefire.booter.ForkedBooter.main(ForkedBooter.java:75)
Caused by: org.openqa.selenium.WebDriverException: org.apache.http.conn.HttpHostConnectException: Connect to 0.0.0.0:4723 [/0.0.0.0] failed: Connection refused (Connection refused)
Build info: version: &apos;2.53.1&apos;, revision: &apos;a36b8b1cd5757287168e54b817830adce9b0158d&apos;, time: &apos;2016-06-30 19:26:09&apos;
System info: host: &apos;dfmpc106.example.com&apos;, ip: &apos;127.0.0.1&apos;, os.name: &apos;Linux&apos;, os.arch: &apos;amd64&apos;, os.version: &apos;3.16.0-4-amd64&apos;, java.version: &apos;1.8.0_161&apos;
Driver info: driver.version: AndroidDriver
	at io.appium.java_client.remote.AppiumCommandExecutor.execute(AppiumCommandExecutor.java:84)
	at org.openqa.selenium.remote.RemoteWebDriver.execute(RemoteWebDriver.java:644)
	... 43 more
Caused by: org.apache.http.conn.HttpHostConnectException: Connect to 0.0.0.0:4723 [/0.0.0.0] failed: Connection refused (Connection refused)
	at org.apache.http.impl.conn.DefaultHttpClientConnectionOperator.connect(DefaultHttpClientConnectionOperator.java:158)
	at org.apache.http.impl.conn.PoolingHttpClientConnectionManager.connect(PoolingHttpClientConnectionManager.java:353)
	at org.apache.http.impl.execchain.MainClientExec.establishRoute(MainClientExec.java:380)
	at org.apache.http.impl.execchain.MainClientExec.execute(MainClientExec.java:236)
	at org.apache.http.impl.execchain.ProtocolExec.execute(ProtocolExec.java:184)
	at org.apache.http.impl.execchain.RetryExec.execute(RetryExec.java:88)
	at org.apache.http.impl.execchain.RedirectExec.execute(RedirectExec.java:110)
	at org.apache.http.impl.client.InternalHttpClient.doExecute(InternalHttpClient.java:184)
	at org.apache.http.impl.client.CloseableHttpClient.execute(CloseableHttpClient.java:71)
	at org.apache.http.impl.client.CloseableHttpClient.execute(CloseableHttpClient.java:55)
	at org.openqa.selenium.remote.internal.ApacheHttpClient.fallBackExecute(ApacheHttpClient.java:144)
	at org.openqa.selenium.remote.internal.ApacheHttpClient.execute(ApacheHttpClient.java:90)
	at org.openqa.selenium.remote.HttpCommandExecutor.execute(HttpCommandExecutor.java:142)
	at io.appium.java_client.remote.AppiumCommandExecutor.execute(AppiumCommandExecutor.java:69)
	... 44 more
Caused by: java.net.ConnectException: Connection refused (Connection refused)
	at java.net.PlainSocketImpl.socketConnect(Native Method)
	at java.net.AbstractPlainSocketImpl.doConnect(AbstractPlainSocketImpl.java:350)
	at java.net.AbstractPlainSocketImpl.connectToAddress(AbstractPlainSocketImpl.java:204)
	at java.net.AbstractPlainSocketImpl.connect(AbstractPlainSocketImpl.java:188)
	at java.net.SocksSocketImpl.connect(SocksSocketImpl.java:392)
	at java.net.Socket.connect(Socket.java:589)
	at org.apache.http.conn.socket.PlainConnectionSocketFactory.connectSocket(PlainConnectionSocketFactory.java:74)
	at org.apache.http.impl.conn.DefaultHttpClientConnectionOperator.connect(DefaultHttpClientConnectionOperator.java:141)
	... 57 more
</pre></div></td>
<td>0</td>
<td>null</td></tr>
</table><p>
<table width='100%' border='1' class='invocation-skipped'>
<tr><td colspan='4' align='center'><b>SKIPPED CONFIGURATIONS</b></td></tr>
<tr><td><b>Test method</b></td>
<td width="30%"><b>Exception</b></td>
<td width="10%"><b>Time (seconds)</b></td>
<td><b>Instance</b></td>
</tr>
<tr>
<td title='Event.EventTest.beforeTest()'><b>beforeTest</b><br>Test class: Event.EventTest</td>
<td></td>
<td>0</td>
<td>null</td></tr>
<tr>
<td title='Event.EventTest.beforeTest()'><b>beforeTest</b><br>Test class: Event.EventTest</td>
<td></td>
<td>0</td>
<td>null</td></tr>
<tr>
<td title='Event.EventTest.beforeTest()'><b>beforeTest</b><br>Test class: Event.EventTest</td>
<td></td>
<td>0</td>
<td>null</td></tr>
<tr>
<td title='Event.EventTest.beforeTest()'><b>beforeTest</b><br>Test class: Event.EventTest</td>
<td></td>
<td>0</td>
<td>null</td></tr>
<tr>
<td title='Event.EventTest.beforeTest()'><b>beforeTest</b><br>Test class: Event.EventTest</td>
<td></td>
<td>0</td>
<td>null</td></tr>
<tr>
<td title='Event.EventTest.beforeTest()'><b>beforeTest</b><br>Test class: Event.EventTest</td>
<td></td>
<td>0</td>
<td>null</td></tr>
<tr>
<td title='Event.EventTest.afterTest()'><b>afterTest</b><br>Test class: Event.EventTest</td>
<td></td>
<td>0</td>
<td>null</td></tr>
<tr>
<td title='Event.EventTest.afterTest()'><b>afterTest</b><br>Test class: Event.EventTest</td>
<td></td>
<td>0</td>
<td>null</td></tr>
<tr>
<td title='Event.EventTest.afterTest()'><b>afterTest</b><br>Test class: Event.EventTest</td>
<td></td>
<td>0</td>
<td>null</td></tr>
<tr>
<td title='Event.EventTest.afterTest()'><b>afterTest</b><br>Test class: Event.EventTest</td>
<td></td>
<td>0</td>
<td>null</td></tr>
<tr>
<td title='Event.EventTest.afterTest()'><b>afterTest</b><br>Test class: Event.EventTest</td>
<td></td>
<td>0</td>
<td>null</td></tr>
<tr>
<td title='Event.EventTest.afterTest()'><b>afterTest</b><br>Test class: Event.EventTest</td>
<td></td>
<td>0</td>
<td>null</td></tr>
<tr>
<td title='Event.EventTest.afterTest()'><b>afterTest</b><br>Test class: Event.EventTest</td>
<td></td>
<td>0</td>
<td>null</td></tr>
</table><p>
<table width='100%' border='1' class='invocation-skipped'>
<tr><td colspan='4' align='center'><b>SKIPPED TESTS</b></td></tr>
<tr><td><b>Test method</b></td>
<td width="30%"><b>Exception</b></td>
<td width="10%"><b>Time (seconds)</b></td>
<td><b>Instance</b></td>
</tr>
<tr>
<td title='Ezqua.ProfilePage.MessageTest.Chat()'><b>Chat</b><br>Test class: Ezqua.ProfilePage.MessageTest</td>
<td></td>
<td>0</td>
<td>Ezqua.ProfilePage.MessageTest@1810399e</td></tr>
<tr>
<td title='Ezqua.ProfilePage.MessageTest.ChatWithSendEmoji()'><b>ChatWithSendEmoji</b><br>Test class: Ezqua.ProfilePage.MessageTest</td>
<td></td>
<td>0</td>
<td>Ezqua.ProfilePage.MessageTest@1810399e</td></tr>
<tr>
<td title='Ezqua.ProfilePage.MessageTest.ChatWithSendText()'><b>ChatWithSendText</b><br>Test class: Ezqua.ProfilePage.MessageTest</td>
<td></td>
<td>0</td>
<td>Ezqua.ProfilePage.MessageTest@1810399e</td></tr>
<tr>
<td title='formForTest.TestSendEmoji.CheckCaseSendText()'><b>CheckCaseSendText</b><br>Test class: formForTest.TestSendEmoji</td>
<td></td>
<td>0</td>
<td>formForTest.TestSendEmoji@5dfcfece</td></tr>
<tr>
<td title='Newfeeds.NewfeedTest.Comment()'><b>Comment</b><br>Test class: Newfeeds.NewfeedTest</td>
<td></td>
<td>0</td>
<td>Newfeeds.NewfeedTest@4439f31e</td></tr>
<tr>
<td title='Wallet.WalletTest.CompareTitle()'><b>CompareTitle</b><br>Test class: Wallet.WalletTest</td>
<td></td>
<td>0</td>
<td>Wallet.WalletTest@458ad742</td></tr>
<tr>
<td title='Event.EventTest.CreateEvent()'><b>CreateEvent</b><br>Test class: Event.EventTest</td>
<td></td>
<td>0</td>
<td>Event.EventTest@215be6bb</td></tr>
<tr>
<td title='Newfeeds.NewfeedTest.CreateNewfeedsWithPrivacyFriend()'><b>CreateNewfeedsWithPrivacyFriend</b><br>Test class: Newfeeds.NewfeedTest</td>
<td></td>
<td>0</td>
<td>Newfeeds.NewfeedTest@4439f31e</td></tr>
<tr>
<td title='Newfeeds.NewfeedTest.CreateNewfeedsWithPrivacyOnlyMe()'><b>CreateNewfeedsWithPrivacyOnlyMe</b><br>Test class: Newfeeds.NewfeedTest</td>
<td></td>
<td>0</td>
<td>Newfeeds.NewfeedTest@4439f31e</td></tr>
<tr>
<td title='Newfeeds.NewfeedTest.CreateNewfeedsWithPrivacyPublic()'><b>CreateNewfeedsWithPrivacyPublic</b><br>Test class: Newfeeds.NewfeedTest</td>
<td></td>
<td>0</td>
<td>Newfeeds.NewfeedTest@4439f31e</td></tr>
<tr>
<td title='Wallet.WalletTest.DepositWithATM()'><b>DepositWithATM</b><br>Test class: Wallet.WalletTest</td>
<td></td>
<td>0</td>
<td>Wallet.WalletTest@458ad742</td></tr>
<tr>
<td title='Wallet.WalletTest.FillAmountBiggerThanMax()'><b>FillAmountBiggerThanMax</b><br>Test class: Wallet.WalletTest</td>
<td></td>
<td>0</td>
<td>Wallet.WalletTest@458ad742</td></tr>
<tr>
<td title='Wallet.WalletTest.FillAmountLessThanMin()'><b>FillAmountLessThanMin</b><br>Test class: Wallet.WalletTest</td>
<td></td>
<td>0</td>
<td>Wallet.WalletTest@458ad742</td></tr>
<tr>
<td title='Ezqua.ProfilePage.MessageTest.GetTitle()'><b>GetTitle</b><br>Test class: Ezqua.ProfilePage.MessageTest</td>
<td></td>
<td>0</td>
<td>Ezqua.ProfilePage.MessageTest@1810399e</td></tr>
<tr>
<td title='Wallet.WalletTest.GoToWAllet()'><b>GoToWAllet</b><br>Test class: Wallet.WalletTest</td>
<td></td>
<td>0</td>
<td>Wallet.WalletTest@458ad742</td></tr>
<tr>
<td title='Newfeeds.NewfeedTest.LikeStatus()'><b>LikeStatus</b><br>Test class: Newfeeds.NewfeedTest</td>
<td></td>
<td>0</td>
<td>Newfeeds.NewfeedTest@4439f31e</td></tr>
<tr>
<td title='Event.EventTest.Login()'><b>Login</b><br>Test class: Event.EventTest</td>
<td></td>
<td>0</td>
<td>Event.EventTest@215be6bb</td></tr>
<tr>
<td title='Newfeeds.NewfeedTest.Login()'><b>Login</b><br>Test class: Newfeeds.NewfeedTest</td>
<td></td>
<td>0</td>
<td>Newfeeds.NewfeedTest@4439f31e</td></tr>
<tr>
<td title='Login.TestLogin.LoginWithAccountNull()'><b>LoginWithAccountNull</b><br>Test class: Login.TestLogin</td>
<td></td>
<td>0</td>
<td>Login.TestLogin@32d992b2</td></tr>
<tr>
<td title='Login.TestLogin.LoginWithCorrectAccountAndPassword()'><b>LoginWithCorrectAccountAndPassword</b><br>Test class: Login.TestLogin</td>
<td></td>
<td>0</td>
<td>Login.TestLogin@32d992b2</td></tr>
<tr>
<td title='Login.TestLogin.LoginWithEmail()'><b>LoginWithEmail</b><br>Test class: Login.TestLogin</td>
<td></td>
<td>0</td>
<td>Login.TestLogin@32d992b2</td></tr>
<tr>
<td title='Login.TestLogin.LoginWithIncorrectPassword()'><b>LoginWithIncorrectPassword</b><br>Test class: Login.TestLogin</td>
<td></td>
<td>0</td>
<td>Login.TestLogin@32d992b2</td></tr>
<tr>
<td title='Login.TestLogin.LoginWithOnlyFillAccount()'><b>LoginWithOnlyFillAccount</b><br>Test class: Login.TestLogin</td>
<td></td>
<td>0</td>
<td>Login.TestLogin@32d992b2</td></tr>
<tr>
<td title='Login.TestLogin.LoginWithOnlyFillPassword()'><b>LoginWithOnlyFillPassword</b><br>Test class: Login.TestLogin</td>
<td></td>
<td>0</td>
<td>Login.TestLogin@32d992b2</td></tr>
<tr>
<td title='Login.TestLogin.LoginWithPhoneNumner()'><b>LoginWithPhoneNumner</b><br>Test class: Login.TestLogin</td>
<td></td>
<td>0</td>
<td>Login.TestLogin@32d992b2</td></tr>
<tr>
<td title='SignUp.SignUpTest.SignUpWithCorrectAllOffField()'><b>SignUpWithCorrectAllOffField</b><br>Test class: SignUp.SignUpTest</td>
<td></td>
<td>0</td>
<td>SignUp.SignUpTest@5f375618</td></tr>
<tr>
<td title='SignUp.SignUpTest.SignUpWithDoNotFillFirstName()'><b>SignUpWithDoNotFillFirstName</b><br>Test class: SignUp.SignUpTest</td>
<td></td>
<td>0</td>
<td>SignUp.SignUpTest@5f375618</td></tr>
<tr>
<td title='SignUp.SignUpTest.SignUpWithDoNotFillLastName()'><b>SignUpWithDoNotFillLastName</b><br>Test class: SignUp.SignUpTest</td>
<td></td>
<td>0</td>
<td>SignUp.SignUpTest@5f375618</td></tr>
<tr>
<td title='SignUp.SignUpTest.SignUpWithDoNotFillSignUpScreen1()'><b>SignUpWithDoNotFillSignUpScreen1</b><br>Test class: SignUp.SignUpTest</td>
<td></td>
<td>0</td>
<td>SignUp.SignUpTest@5f375618</td></tr>
<tr>
<td title='SignUp.SignUpTest.SignUpWithDoNotFillSignUpScreen2()'><b>SignUpWithDoNotFillSignUpScreen2</b><br>Test class: SignUp.SignUpTest</td>
<td></td>
<td>0</td>
<td>SignUp.SignUpTest@5f375618</td></tr>
<tr>
<td title='SignUp.SignUpTest.SignUpWithDulicateUsername()'><b>SignUpWithDulicateUsername</b><br>Test class: SignUp.SignUpTest</td>
<td></td>
<td>0</td>
<td>SignUp.SignUpTest@5f375618</td></tr>
<tr>
<td title='SignUp.SignUpTest.SignUpWithFillAllSignUpScreen1()'><b>SignUpWithFillAllSignUpScreen1</b><br>Test class: SignUp.SignUpTest</td>
<td></td>
<td>0</td>
<td>SignUp.SignUpTest@5f375618</td></tr>
<tr>
<td title='SignUp.SignUpTest.SignUpWithIncorrectEmail()'><b>SignUpWithIncorrectEmail</b><br>Test class: SignUp.SignUpTest</td>
<td></td>
<td>0</td>
<td>SignUp.SignUpTest@5f375618</td></tr>
<tr>
<td title='SignUp.SignUpTest.SignUpWithIncorrectPhonenumber()'><b>SignUpWithIncorrectPhonenumber</b><br>Test class: SignUp.SignUpTest</td>
<td></td>
<td>0</td>
<td>SignUp.SignUpTest@5f375618</td></tr>
<tr>
<td title='SignUp.SignUpTest.SignUpWithLimitCharaterUsername()'><b>SignUpWithLimitCharaterUsername</b><br>Test class: SignUp.SignUpTest</td>
<td></td>
<td>0</td>
<td>SignUp.SignUpTest@5f375618</td></tr>
<tr>
<td title='SignUp.SignUpTest.SignUpWithLimitPassword()'><b>SignUpWithLimitPassword</b><br>Test class: SignUp.SignUpTest</td>
<td></td>
<td>0</td>
<td>SignUp.SignUpTest@5f375618</td></tr>
<tr>
<td title='SignUp.SignUpTest.SignUpWithNotMatchEmail()'><b>SignUpWithNotMatchEmail</b><br>Test class: SignUp.SignUpTest</td>
<td></td>
<td>0</td>
<td>SignUp.SignUpTest@5f375618</td></tr>
<tr>
<td title='SignUp.SignUpTest.SignUpWithNotMatchPassword()'><b>SignUpWithNotMatchPassword</b><br>Test class: SignUp.SignUpTest</td>
<td></td>
<td>0</td>
<td>SignUp.SignUpTest@5f375618</td></tr>
<tr>
<td title='SignUp.SignUpTest.SignUpWithOnlyFillEmail()'><b>SignUpWithOnlyFillEmail</b><br>Test class: SignUp.SignUpTest</td>
<td></td>
<td>0</td>
<td>SignUp.SignUpTest@5f375618</td></tr>
<tr>
<td title='SignUp.SignUpTest.SignUpWithOnlyFillEmailRe()'><b>SignUpWithOnlyFillEmailRe</b><br>Test class: SignUp.SignUpTest</td>
<td></td>
<td>0</td>
<td>SignUp.SignUpTest@5f375618</td></tr>
<tr>
<td title='SignUp.SignUpTest.SignUpWithOnlyFillPassword()'><b>SignUpWithOnlyFillPassword</b><br>Test class: SignUp.SignUpTest</td>
<td></td>
<td>0</td>
<td>SignUp.SignUpTest@5f375618</td></tr>
<tr>
<td title='SignUp.SignUpTest.SignUpWithOnlyFillPasswordRe()'><b>SignUpWithOnlyFillPasswordRe</b><br>Test class: SignUp.SignUpTest</td>
<td></td>
<td>0</td>
<td>SignUp.SignUpTest@5f375618</td></tr>
<tr>
<td title='SignUp.SignUpTest.SignUpWithOnlyFillPhoneNumber()'><b>SignUpWithOnlyFillPhoneNumber</b><br>Test class: SignUp.SignUpTest</td>
<td></td>
<td>0</td>
<td>SignUp.SignUpTest@5f375618</td></tr>
<tr>
<td title='SignUp.SignUpTest.SignUpWithOnlyFillUsername()'><b>SignUpWithOnlyFillUsername</b><br>Test class: SignUp.SignUpTest</td>
<td></td>
<td>0</td>
<td>SignUp.SignUpTest@5f375618</td></tr>
<tr>
<td title='SignUp.SignUpTest.SignUpWithUserNameHasSpecialCharacter()'><b>SignUpWithUserNameHasSpecialCharacter</b><br>Test class: SignUp.SignUpTest</td>
<td></td>
<td>0</td>
<td>SignUp.SignUpTest@5f375618</td></tr>
<tr>
<td title='Wallet.WalletTest.WithDrawalLessMax()'><b>WithDrawalLessMax</b><br>Test class: Wallet.WalletTest</td>
<td></td>
<td>0</td>
<td>Wallet.WalletTest@458ad742</td></tr>
<tr>
<td title='Wallet.WalletTest.WithDrawalLessMin()'><b>WithDrawalLessMin</b><br>Test class: Wallet.WalletTest</td>
<td></td>
<td>0</td>
<td>Wallet.WalletTest@458ad742</td></tr>
<tr>
<td title='Wallet.WalletTest.WithDrawalUsingBankAccount()'><b>WithDrawalUsingBankAccount</b><br>Test class: Wallet.WalletTest</td>
<td></td>
<td>0</td>
<td>Wallet.WalletTest@458ad742</td></tr>
<tr>
<td title='Wallet.WalletTest.WithDrawalUsingPaypal()'><b>WithDrawalUsingPaypal</b><br>Test class: Wallet.WalletTest</td>
<td></td>
<td>0</td>
<td>Wallet.WalletTest@458ad742</td></tr>
</table><p>
</body>
</html>