<?xml version="1.0" encoding="UTF-8"?>
<!-- Generated by org.testng.reporters.JUnitXMLReporter -->
<testsuite hostname="dfmpc106.example.com" name="Command line test" tests="49" failures="0" timestamp="10 Sep 2018 11:22:51 GMT" time="1.534" errors="0">
  <testcase name="@BeforeTest beforeTest" time="0.0" classname="Event.EventTest">
    <failure type="org.openqa.selenium.remote.UnreachableBrowserException" message="Could not start a new session. Possible causes are invalid address of the remote server or browser start-up failure.
Build info: version: &amp;apos;2.53.1&amp;apos;, revision: &amp;apos;a36b8b1cd5757287168e54b817830adce9b0158d&amp;apos;, time: &amp;apos;2016-06-30 19:26:09&amp;apos;
System info: host: &amp;apos;dfmpc106.example.com&amp;apos;, ip: &amp;apos;127.0.0.1&amp;apos;, os.name: &amp;apos;Linux&amp;apos;, os.arch: &amp;apos;amd64&amp;apos;, os.version: &amp;apos;3.16.0-4-amd64&amp;apos;, java.version: &amp;apos;1.8.0_161&amp;apos;
Driver info: driver.version: AndroidDriver">
      <![CDATA[org.openqa.selenium.remote.UnreachableBrowserException: Could not start a new session. Possible causes are invalid address of the remote server or browser start-up failure.
Build info: version: '2.53.1', revision: 'a36b8b1cd5757287168e54b817830adce9b0158d', time: '2016-06-30 19:26:09'
System info: host: 'dfmpc106.example.com', ip: '127.0.0.1', os.name: 'Linux', os.arch: 'amd64', os.version: '3.16.0-4-amd64', java.version: '1.8.0_161'
Driver info: driver.version: AndroidDriver
	at org.openqa.selenium.remote.RemoteWebDriver.execute(RemoteWebDriver.java:665)
	at io.appium.java_client.DefaultGenericMobileDriver.execute(DefaultGenericMobileDriver.java:40)
	at io.appium.java_client.AppiumDriver.execute(AppiumDriver.java:1)
	at io.appium.java_client.android.AndroidDriver.execute(AndroidDriver.java:1)
	at org.openqa.selenium.remote.RemoteWebDriver.startSession(RemoteWebDriver.java:249)
	at org.openqa.selenium.remote.RemoteWebDriver.<init>(RemoteWebDriver.java:131)
	at org.openqa.selenium.remote.RemoteWebDriver.<init>(RemoteWebDriver.java:144)
	at io.appium.java_client.DefaultGenericMobileDriver.<init>(DefaultGenericMobileDriver.java:36)
	at io.appium.java_client.AppiumDriver.<init>(AppiumDriver.java:114)
	at io.appium.java_client.AppiumDriver.<init>(AppiumDriver.java:132)
	at io.appium.java_client.android.AndroidDriver.<init>(AndroidDriver.java:92)
	at Event.EventTest.beforeTest(EventTest.java:39)
	at org.apache.maven.surefire.testng.TestNGExecutor.run(TestNGExecutor.java:77)
	at org.apache.maven.surefire.testng.TestNGDirectoryTestSuite.executeMulti(TestNGDirectoryTestSuite.java:159)
	at org.apache.maven.surefire.testng.TestNGDirectoryTestSuite.execute(TestNGDirectoryTestSuite.java:99)
	at org.apache.maven.surefire.testng.TestNGProvider.invoke(TestNGProvider.java:106)
	at org.apache.maven.surefire.util.ReflectionUtils.invokeMethodWithArray(ReflectionUtils.java:189)
	at org.apache.maven.surefire.booter.ProviderFactory$ProviderProxy.invoke(ProviderFactory.java:165)
	at org.apache.maven.surefire.booter.ProviderFactory.invokeProvider(ProviderFactory.java:85)
	at org.apache.maven.surefire.booter.ForkedBooter.runSuitesInProcess(ForkedBooter.java:115)
	at org.apache.maven.surefire.booter.ForkedBooter.main(ForkedBooter.java:75)
Caused by: org.openqa.selenium.WebDriverException: org.apache.http.conn.HttpHostConnectException: Connect to 0.0.0.0:4723 [/0.0.0.0] failed: Connection refused (Connection refused)
Build info: version: '2.53.1', revision: 'a36b8b1cd5757287168e54b817830adce9b0158d', time: '2016-06-30 19:26:09'
System info: host: 'dfmpc106.example.com', ip: '127.0.0.1', os.name: 'Linux', os.arch: 'amd64', os.version: '3.16.0-4-amd64', java.version: '1.8.0_161'
Driver info: driver.version: AndroidDriver
	at io.appium.java_client.remote.AppiumCommandExecutor.execute(AppiumCommandExecutor.java:84)
	at org.openqa.selenium.remote.RemoteWebDriver.execute(RemoteWebDriver.java:644)
	... 43 more
Caused by: org.apache.http.conn.HttpHostConnectException: Connect to 0.0.0.0:4723 [/0.0.0.0] failed: Connection refused (Connection refused)
	at org.apache.http.impl.conn.DefaultHttpClientConnectionOperator.connect(DefaultHttpClientConnectionOperator.java:158)
	at org.apache.http.impl.conn.PoolingHttpClientConnectionManager.connect(PoolingHttpClientConnectionManager.java:353)
	at org.apache.http.impl.execchain.MainClientExec.establishRoute(MainClientExec.java:380)
	at org.apache.http.impl.execchain.MainClientExec.execute(MainClientExec.java:236)
	at org.apache.http.impl.execchain.ProtocolExec.execute(ProtocolExec.java:184)
	at org.apache.http.impl.execchain.RetryExec.execute(RetryExec.java:88)
	at org.apache.http.impl.execchain.RedirectExec.execute(RedirectExec.java:110)
	at org.apache.http.impl.client.InternalHttpClient.doExecute(InternalHttpClient.java:184)
	at org.apache.http.impl.client.CloseableHttpClient.execute(CloseableHttpClient.java:71)
	at org.apache.http.impl.client.CloseableHttpClient.execute(CloseableHttpClient.java:55)
	at org.openqa.selenium.remote.internal.ApacheHttpClient.fallBackExecute(ApacheHttpClient.java:144)
	at org.openqa.selenium.remote.internal.ApacheHttpClient.execute(ApacheHttpClient.java:90)
	at org.openqa.selenium.remote.HttpCommandExecutor.execute(HttpCommandExecutor.java:142)
	at io.appium.java_client.remote.AppiumCommandExecutor.execute(AppiumCommandExecutor.java:69)
	... 44 more
Caused by: java.net.ConnectException: Connection refused (Connection refused)
	at java.net.PlainSocketImpl.socketConnect(Native Method)
	at java.net.AbstractPlainSocketImpl.doConnect(AbstractPlainSocketImpl.java:350)
	at java.net.AbstractPlainSocketImpl.connectToAddress(AbstractPlainSocketImpl.java:204)
	at java.net.AbstractPlainSocketImpl.connect(AbstractPlainSocketImpl.java:188)
	at java.net.SocksSocketImpl.connect(SocksSocketImpl.java:392)
	at java.net.Socket.connect(Socket.java:589)
	at org.apache.http.conn.socket.PlainConnectionSocketFactory.connectSocket(PlainConnectionSocketFactory.java:74)
	at org.apache.http.impl.conn.DefaultHttpClientConnectionOperator.connect(DefaultHttpClientConnectionOperator.java:141)
	... 57 more
... Removed 23 stack frames]]>
    </failure>
  </testcase> <!-- @BeforeTest beforeTest -->
  <testcase name="@BeforeTest beforeTest" time="0.0" classname="Event.EventTest">
    <skipped/>
  </testcase> <!-- @BeforeTest beforeTest -->
  <testcase name="@BeforeTest beforeTest" time="0.0" classname="Event.EventTest">
    <skipped/>
  </testcase> <!-- @BeforeTest beforeTest -->
  <testcase name="@BeforeTest beforeTest" time="0.0" classname="Event.EventTest">
    <skipped/>
  </testcase> <!-- @BeforeTest beforeTest -->
  <testcase name="@BeforeTest beforeTest" time="0.0" classname="Event.EventTest">
    <skipped/>
  </testcase> <!-- @BeforeTest beforeTest -->
  <testcase name="@BeforeTest beforeTest" time="0.0" classname="Event.EventTest">
    <skipped/>
  </testcase> <!-- @BeforeTest beforeTest -->
  <testcase name="@BeforeTest beforeTest" time="0.0" classname="Event.EventTest">
    <skipped/>
  </testcase> <!-- @BeforeTest beforeTest -->
  <testcase name="@AfterTest afterTest" time="0.0" classname="Event.EventTest">
    <skipped/>
  </testcase> <!-- @AfterTest afterTest -->
  <testcase name="@AfterTest afterTest" time="0.0" classname="Event.EventTest">
    <skipped/>
  </testcase> <!-- @AfterTest afterTest -->
  <testcase name="@AfterTest afterTest" time="0.0" classname="Event.EventTest">
    <skipped/>
  </testcase> <!-- @AfterTest afterTest -->
  <testcase name="@AfterTest afterTest" time="0.0" classname="Event.EventTest">
    <skipped/>
  </testcase> <!-- @AfterTest afterTest -->
  <testcase name="@AfterTest afterTest" time="0.0" classname="Event.EventTest">
    <skipped/>
  </testcase> <!-- @AfterTest afterTest -->
  <testcase name="@AfterTest afterTest" time="0.0" classname="Event.EventTest">
    <skipped/>
  </testcase> <!-- @AfterTest afterTest -->
  <testcase name="@AfterTest afterTest" time="0.0" classname="Event.EventTest">
    <skipped/>
  </testcase> <!-- @AfterTest afterTest -->
  <testcase name="Login" time="0.0" classname="Event.EventTest">
    <skipped/>
  </testcase> <!-- Login -->
  <testcase name="GetTitle" time="0.0" classname="Ezqua.ProfilePage.MessageTest">
    <skipped/>
  </testcase> <!-- GetTitle -->
  <testcase name="Login" time="0.0" classname="Newfeeds.NewfeedTest">
    <skipped/>
  </testcase> <!-- Login -->
  <testcase name="SignUpWithDoNotFillSignUpScreen1" time="0.0" classname="SignUp.SignUpTest">
    <skipped/>
  </testcase> <!-- SignUpWithDoNotFillSignUpScreen1 -->
  <testcase name="LoginWithAccountNull" time="0.0" classname="Login.TestLogin">
    <skipped/>
  </testcase> <!-- LoginWithAccountNull -->
  <testcase name="GoToWAllet" time="0.0" classname="Wallet.WalletTest">
    <skipped/>
  </testcase> <!-- GoToWAllet -->
  <testcase name="CreateEvent" time="0.0" classname="Event.EventTest">
    <skipped/>
  </testcase> <!-- CreateEvent -->
  <testcase name="ChatWithSendText" time="0.0" classname="Ezqua.ProfilePage.MessageTest">
    <skipped/>
  </testcase> <!-- ChatWithSendText -->
  <testcase name="SignUpWithDoNotFillFirstName" time="0.0" classname="SignUp.SignUpTest">
    <skipped/>
  </testcase> <!-- SignUpWithDoNotFillFirstName -->
  <testcase name="LoginWithOnlyFillAccount" time="0.0" classname="Login.TestLogin">
    <skipped/>
  </testcase> <!-- LoginWithOnlyFillAccount -->
  <testcase name="CompareTitle" time="0.0" classname="Wallet.WalletTest">
    <skipped/>
  </testcase> <!-- CompareTitle -->
  <testcase name="CheckCaseSendText" time="0.0" classname="formForTest.TestSendEmoji">
    <skipped/>
  </testcase> <!-- CheckCaseSendText -->
  <testcase name="ChatWithSendEmoji" time="0.0" classname="Ezqua.ProfilePage.MessageTest">
    <skipped/>
  </testcase> <!-- ChatWithSendEmoji -->
  <testcase name="LikeStatus" time="0.0" classname="Newfeeds.NewfeedTest">
    <skipped/>
  </testcase> <!-- LikeStatus -->
  <testcase name="SignUpWithDoNotFillLastName" time="0.0" classname="SignUp.SignUpTest">
    <skipped/>
  </testcase> <!-- SignUpWithDoNotFillLastName -->
  <testcase name="LoginWithOnlyFillPassword" time="0.0" classname="Login.TestLogin">
    <skipped/>
  </testcase> <!-- LoginWithOnlyFillPassword -->
  <testcase name="FillAmountLessThanMin" time="0.0" classname="Wallet.WalletTest">
    <skipped/>
  </testcase> <!-- FillAmountLessThanMin -->
  <testcase name="Chat" time="0.0" classname="Ezqua.ProfilePage.MessageTest">
    <skipped/>
  </testcase> <!-- Chat -->
  <testcase name="Comment" time="0.0" classname="Newfeeds.NewfeedTest">
    <skipped/>
  </testcase> <!-- Comment -->
  <testcase name="SignUpWithFillAllSignUpScreen1" time="0.0" classname="SignUp.SignUpTest">
    <skipped/>
  </testcase> <!-- SignUpWithFillAllSignUpScreen1 -->
  <testcase name="LoginWithIncorrectPassword" time="0.0" classname="Login.TestLogin">
    <skipped/>
  </testcase> <!-- LoginWithIncorrectPassword -->
  <testcase name="FillAmountBiggerThanMax" time="0.001" classname="Wallet.WalletTest">
    <skipped/>
  </testcase> <!-- FillAmountBiggerThanMax -->
  <testcase name="CreateNewfeedsWithPrivacyFriend" time="0.0" classname="Newfeeds.NewfeedTest">
    <skipped/>
  </testcase> <!-- CreateNewfeedsWithPrivacyFriend -->
  <testcase name="SignUpWithDoNotFillSignUpScreen2" time="0.0" classname="SignUp.SignUpTest">
    <skipped/>
  </testcase> <!-- SignUpWithDoNotFillSignUpScreen2 -->
  <testcase name="LoginWithCorrectAccountAndPassword" time="0.0" classname="Login.TestLogin">
    <skipped/>
  </testcase> <!-- LoginWithCorrectAccountAndPassword -->
  <testcase name="DepositWithATM" time="0.006" classname="Wallet.WalletTest">
    <skipped/>
  </testcase> <!-- DepositWithATM -->
  <testcase name="CreateNewfeedsWithPrivacyOnlyMe" time="0.0" classname="Newfeeds.NewfeedTest">
    <skipped/>
  </testcase> <!-- CreateNewfeedsWithPrivacyOnlyMe -->
  <testcase name="SignUpWithOnlyFillUsername" time="0.0" classname="SignUp.SignUpTest">
    <skipped/>
  </testcase> <!-- SignUpWithOnlyFillUsername -->
  <testcase name="LoginWithEmail" time="0.0" classname="Login.TestLogin">
    <skipped/>
  </testcase> <!-- LoginWithEmail -->
  <testcase name="WithDrawalLessMin" time="0.0" classname="Wallet.WalletTest">
    <skipped/>
  </testcase> <!-- WithDrawalLessMin -->
  <testcase name="CreateNewfeedsWithPrivacyPublic" time="0.0" classname="Newfeeds.NewfeedTest">
    <skipped/>
  </testcase> <!-- CreateNewfeedsWithPrivacyPublic -->
  <testcase name="SignUpWithOnlyFillPassword" time="0.0" classname="SignUp.SignUpTest">
    <skipped/>
  </testcase> <!-- SignUpWithOnlyFillPassword -->
  <testcase name="LoginWithPhoneNumner" time="0.001" classname="Login.TestLogin">
    <skipped/>
  </testcase> <!-- LoginWithPhoneNumner -->
  <testcase name="WithDrawalLessMax" time="0.0" classname="Wallet.WalletTest">
    <skipped/>
  </testcase> <!-- WithDrawalLessMax -->
  <testcase name="SignUpWithOnlyFillPasswordRe" time="0.0" classname="SignUp.SignUpTest">
    <skipped/>
  </testcase> <!-- SignUpWithOnlyFillPasswordRe -->
  <testcase name="WithDrawalUsingPaypal" time="0.0" classname="Wallet.WalletTest">
    <skipped/>
  </testcase> <!-- WithDrawalUsingPaypal -->
  <testcase name="SignUpWithOnlyFillEmail" time="0.0" classname="SignUp.SignUpTest">
    <skipped/>
  </testcase> <!-- SignUpWithOnlyFillEmail -->
  <testcase name="WithDrawalUsingBankAccount" time="0.0" classname="Wallet.WalletTest">
    <skipped/>
  </testcase> <!-- WithDrawalUsingBankAccount -->
  <testcase name="SignUpWithOnlyFillEmailRe" time="0.0" classname="SignUp.SignUpTest">
    <skipped/>
  </testcase> <!-- SignUpWithOnlyFillEmailRe -->
  <testcase name="SignUpWithOnlyFillPhoneNumber" time="0.0" classname="SignUp.SignUpTest">
    <skipped/>
  </testcase> <!-- SignUpWithOnlyFillPhoneNumber -->
  <testcase name="SignUpWithDulicateUsername" time="0.0" classname="SignUp.SignUpTest">
    <skipped/>
  </testcase> <!-- SignUpWithDulicateUsername -->
  <testcase name="SignUpWithLimitCharaterUsername" time="0.0" classname="SignUp.SignUpTest">
    <skipped/>
  </testcase> <!-- SignUpWithLimitCharaterUsername -->
  <testcase name="SignUpWithUserNameHasSpecialCharacter" time="0.0" classname="SignUp.SignUpTest">
    <skipped/>
  </testcase> <!-- SignUpWithUserNameHasSpecialCharacter -->
  <testcase name="SignUpWithLimitPassword" time="0.0" classname="SignUp.SignUpTest">
    <skipped/>
  </testcase> <!-- SignUpWithLimitPassword -->
  <testcase name="SignUpWithNotMatchPassword" time="0.0" classname="SignUp.SignUpTest">
    <skipped/>
  </testcase> <!-- SignUpWithNotMatchPassword -->
  <testcase name="SignUpWithIncorrectEmail" time="0.0" classname="SignUp.SignUpTest">
    <skipped/>
  </testcase> <!-- SignUpWithIncorrectEmail -->
  <testcase name="SignUpWithNotMatchEmail" time="0.0" classname="SignUp.SignUpTest">
    <skipped/>
  </testcase> <!-- SignUpWithNotMatchEmail -->
  <testcase name="SignUpWithIncorrectPhonenumber" time="0.0" classname="SignUp.SignUpTest">
    <skipped/>
  </testcase> <!-- SignUpWithIncorrectPhonenumber -->
  <testcase name="SignUpWithCorrectAllOffField" time="0.001" classname="SignUp.SignUpTest">
    <skipped/>
  </testcase> <!-- SignUpWithCorrectAllOffField -->
</testsuite> <!-- Command line test -->
