<?xml version="1.0" encoding="UTF-8" ?>
<testsuite tests="63" failures="1" name="TestSuite" time="13.327" errors="0" skipped="62">
  <properties>
    <property name="java.runtime.name" value="Java(TM) SE Runtime Environment"/>
    <property name="sun.boot.library.path" value="/usr/lib/jvm/java-8-oracle/jre/lib/amd64"/>
    <property name="java.vm.version" value="25.161-b12"/>
    <property name="java.vm.vendor" value="Oracle Corporation"/>
    <property name="maven.multiModuleProjectDirectory" value="/home/sysadmin/Workspaces/EZQUA/tests"/>
    <property name="java.vendor.url" value="http://java.oracle.com/"/>
    <property name="path.separator" value=":"/>
    <property name="guice.disable.misplaced.annotation.check" value="true"/>
    <property name="java.vm.name" value="Java HotSpot(TM) 64-Bit Server VM"/>
    <property name="file.encoding.pkg" value="sun.io"/>
    <property name="user.country" value="US"/>
    <property name="sun.java.launcher" value="SUN_STANDARD"/>
    <property name="sun.os.patch.level" value="unknown"/>
    <property name="java.vm.specification.name" value="Java Virtual Machine Specification"/>
    <property name="user.dir" value="/home/sysadmin/Workspaces/EZQUA/tests"/>
    <property name="java.runtime.version" value="1.8.0_161-b12"/>
    <property name="java.awt.graphicsenv" value="sun.awt.X11GraphicsEnvironment"/>
    <property name="java.endorsed.dirs" value="/usr/lib/jvm/java-8-oracle/jre/lib/endorsed"/>
    <property name="os.arch" value="amd64"/>
    <property name="java.io.tmpdir" value="/tmp"/>
    <property name="line.separator" value="
"/>
    <property name="java.vm.specification.vendor" value="Oracle Corporation"/>
    <property name="os.name" value="Linux"/>
    <property name="classworlds.conf" value="/usr/local/bin/m2.conf"/>
    <property name="sun.jnu.encoding" value="UTF-8"/>
    <property name="java.library.path" value="/usr/java/packages/lib/amd64:/usr/lib64:/lib64:/lib:/usr/lib"/>
    <property name="maven.conf" value="/usr/local/conf"/>
    <property name="java.specification.name" value="Java Platform API Specification"/>
    <property name="java.class.version" value="52.0"/>
    <property name="sun.management.compiler" value="HotSpot 64-Bit Tiered Compilers"/>
    <property name="os.version" value="3.16.0-4-amd64"/>
    <property name="library.jansi.path" value="/usr/local/lib/jansi-native/linux64"/>
    <property name="user.home" value="/home/sysadmin"/>
    <property name="user.timezone" value="Asia/Ho_Chi_Minh"/>
    <property name="java.awt.printerjob" value="sun.print.PSPrinterJob"/>
    <property name="java.specification.version" value="1.8"/>
    <property name="file.encoding" value="UTF-8"/>
    <property name="user.name" value="sysadmin"/>
    <property name="java.class.path" value="/usr/local/boot/plexus-classworlds-2.5.2.jar"/>
    <property name="java.vm.specification.version" value="1.8"/>
    <property name="sun.arch.data.model" value="64"/>
    <property name="java.home" value="/usr/lib/jvm/java-8-oracle/jre"/>
    <property name="sun.java.command" value="org.codehaus.plexus.classworlds.launcher.Launcher clean test"/>
    <property name="java.specification.vendor" value="Oracle Corporation"/>
    <property name="user.language" value="en"/>
    <property name="awt.toolkit" value="sun.awt.X11.XToolkit"/>
    <property name="java.vm.info" value="mixed mode"/>
    <property name="java.version" value="1.8.0_161"/>
    <property name="java.ext.dirs" value="/usr/lib/jvm/java-8-oracle/jre/lib/ext:/usr/java/packages/lib/ext"/>
    <property name="securerandom.source" value="file:/dev/./urandom"/>
    <property name="sun.boot.class.path" value="/usr/lib/jvm/java-8-oracle/jre/lib/resources.jar:/usr/lib/jvm/java-8-oracle/jre/lib/rt.jar:/usr/lib/jvm/java-8-oracle/jre/lib/sunrsasign.jar:/usr/lib/jvm/java-8-oracle/jre/lib/jsse.jar:/usr/lib/jvm/java-8-oracle/jre/lib/jce.jar:/usr/lib/jvm/java-8-oracle/jre/lib/charsets.jar:/usr/lib/jvm/java-8-oracle/jre/lib/jfr.jar:/usr/lib/jvm/java-8-oracle/jre/classes"/>
    <property name="java.vendor" value="Oracle Corporation"/>
    <property name="maven.home" value="/usr/local"/>
    <property name="file.separator" value="/"/>
    <property name="java.vendor.url.bug" value="http://bugreport.sun.com/bugreport/"/>
    <property name="sun.cpu.endian" value="little"/>
    <property name="sun.io.unicode.encoding" value="UnicodeLittle"/>
    <property name="sun.desktop" value="gnome"/>
    <property name="sun.cpu.isalist" value=""/>
  </properties>
  <testcase classname="Event.EventTest" name="beforeTest" time="1.902">
    <failure message="Could not start a new session. Possible causes are invalid address of the remote server or browser start-up failure.
Build info: version: &apos;2.53.1&apos;, revision: &apos;a36b8b1cd5757287168e54b817830adce9b0158d&apos;, time: &apos;2016-06-30 19:26:09&apos;
System info: host: &apos;dfmpc106.example.com&apos;, ip: &apos;127.0.0.1&apos;, os.name: &apos;Linux&apos;, os.arch: &apos;amd64&apos;, os.version: &apos;3.16.0-4-amd64&apos;, java.version: &apos;1.8.0_161&apos;
Driver info: driver.version: AndroidDriver" type="org.openqa.selenium.remote.UnreachableBrowserException">org.openqa.selenium.remote.UnreachableBrowserException: Could not start a new session. Possible causes are invalid address of the remote server or browser start-up failure.
Build info: version: &apos;2.53.1&apos;, revision: &apos;a36b8b1cd5757287168e54b817830adce9b0158d&apos;, time: &apos;2016-06-30 19:26:09&apos;
System info: host: &apos;dfmpc106.example.com&apos;, ip: &apos;127.0.0.1&apos;, os.name: &apos;Linux&apos;, os.arch: &apos;amd64&apos;, os.version: &apos;3.16.0-4-amd64&apos;, java.version: &apos;1.8.0_161&apos;
Driver info: driver.version: AndroidDriver
	at org.openqa.selenium.remote.RemoteWebDriver.execute(RemoteWebDriver.java:665)
	at io.appium.java_client.DefaultGenericMobileDriver.execute(DefaultGenericMobileDriver.java:40)
	at io.appium.java_client.AppiumDriver.execute(AppiumDriver.java:1)
	at io.appium.java_client.android.AndroidDriver.execute(AndroidDriver.java:1)
	at org.openqa.selenium.remote.RemoteWebDriver.startSession(RemoteWebDriver.java:249)
	at org.openqa.selenium.remote.RemoteWebDriver.&lt;init&gt;(RemoteWebDriver.java:131)
	at org.openqa.selenium.remote.RemoteWebDriver.&lt;init&gt;(RemoteWebDriver.java:144)
	at io.appium.java_client.DefaultGenericMobileDriver.&lt;init&gt;(DefaultGenericMobileDriver.java:36)
	at io.appium.java_client.AppiumDriver.&lt;init&gt;(AppiumDriver.java:114)
	at io.appium.java_client.AppiumDriver.&lt;init&gt;(AppiumDriver.java:132)
	at io.appium.java_client.android.AndroidDriver.&lt;init&gt;(AndroidDriver.java:92)
	at Event.EventTest.beforeTest(EventTest.java:39)
Caused by: org.openqa.selenium.WebDriverException: org.apache.http.conn.HttpHostConnectException: Connect to 0.0.0.0:4723 [/0.0.0.0] failed: Connection refused (Connection refused)
Build info: version: &apos;2.53.1&apos;, revision: &apos;a36b8b1cd5757287168e54b817830adce9b0158d&apos;, time: &apos;2016-06-30 19:26:09&apos;
System info: host: &apos;dfmpc106.example.com&apos;, ip: &apos;127.0.0.1&apos;, os.name: &apos;Linux&apos;, os.arch: &apos;amd64&apos;, os.version: &apos;3.16.0-4-amd64&apos;, java.version: &apos;1.8.0_161&apos;
Driver info: driver.version: AndroidDriver
	at io.appium.java_client.remote.AppiumCommandExecutor.execute(AppiumCommandExecutor.java:84)
	at org.openqa.selenium.remote.RemoteWebDriver.execute(RemoteWebDriver.java:644)
	... 43 more
Caused by: org.apache.http.conn.HttpHostConnectException: Connect to 0.0.0.0:4723 [/0.0.0.0] failed: Connection refused (Connection refused)
	at org.apache.http.impl.conn.DefaultHttpClientConnectionOperator.connect(DefaultHttpClientConnectionOperator.java:158)
	at org.apache.http.impl.conn.PoolingHttpClientConnectionManager.connect(PoolingHttpClientConnectionManager.java:353)
	at org.apache.http.impl.execchain.MainClientExec.establishRoute(MainClientExec.java:380)
	at org.apache.http.impl.execchain.MainClientExec.execute(MainClientExec.java:236)
	at org.apache.http.impl.execchain.ProtocolExec.execute(ProtocolExec.java:184)
	at org.apache.http.impl.execchain.RetryExec.execute(RetryExec.java:88)
	at org.apache.http.impl.execchain.RedirectExec.execute(RedirectExec.java:110)
	at org.apache.http.impl.client.InternalHttpClient.doExecute(InternalHttpClient.java:184)
	at org.apache.http.impl.client.CloseableHttpClient.execute(CloseableHttpClient.java:71)
	at org.apache.http.impl.client.CloseableHttpClient.execute(CloseableHttpClient.java:55)
	at org.openqa.selenium.remote.internal.ApacheHttpClient.fallBackExecute(ApacheHttpClient.java:144)
	at org.openqa.selenium.remote.internal.ApacheHttpClient.execute(ApacheHttpClient.java:90)
	at org.openqa.selenium.remote.HttpCommandExecutor.execute(HttpCommandExecutor.java:142)
	at io.appium.java_client.remote.AppiumCommandExecutor.execute(AppiumCommandExecutor.java:69)
	... 44 more
Caused by: java.net.ConnectException: Connection refused (Connection refused)
	at java.net.PlainSocketImpl.socketConnect(Native Method)
	at java.net.AbstractPlainSocketImpl.doConnect(AbstractPlainSocketImpl.java:350)
	at java.net.AbstractPlainSocketImpl.connectToAddress(AbstractPlainSocketImpl.java:204)
	at java.net.AbstractPlainSocketImpl.connect(AbstractPlainSocketImpl.java:188)
	at java.net.SocksSocketImpl.connect(SocksSocketImpl.java:392)
	at java.net.Socket.connect(Socket.java:589)
	at org.apache.http.conn.socket.PlainConnectionSocketFactory.connectSocket(PlainConnectionSocketFactory.java:74)
	at org.apache.http.impl.conn.DefaultHttpClientConnectionOperator.connect(DefaultHttpClientConnectionOperator.java:141)
	... 57 more
</failure>
    <system-out>Configuring TestNG with: org.apache.maven.surefire.testng.conf.TestNG652Configurator@11028347
</system-out>
  </testcase>
  <testcase classname="Event.EventTest" name="beforeTest" time="1.902">
    <skipped/>
  </testcase>
  <testcase classname="Event.EventTest" name="beforeTest" time="1.902">
    <skipped/>
  </testcase>
  <testcase classname="Event.EventTest" name="beforeTest" time="1.902">
    <skipped/>
  </testcase>
  <testcase classname="Event.EventTest" name="beforeTest" time="1.902">
    <skipped/>
  </testcase>
  <testcase classname="Event.EventTest" name="beforeTest" time="1.902">
    <skipped/>
  </testcase>
  <testcase classname="Event.EventTest" name="beforeTest" time="1.903">
    <skipped/>
  </testcase>
  <testcase classname="Event.EventTest" name="Login" time="0">
    <skipped/>
  </testcase>
  <testcase classname="Ezqua.ProfilePage.MessageTest" name="GetTitle" time="0">
    <skipped/>
  </testcase>
  <testcase classname="Newfeeds.NewfeedTest" name="Login" time="0">
    <skipped/>
  </testcase>
  <testcase classname="SignUp.SignUpTest" name="SignUpWithDoNotFillSignUpScreen1" time="0">
    <skipped/>
  </testcase>
  <testcase classname="Login.TestLogin" name="LoginWithAccountNull" time="0">
    <skipped/>
  </testcase>
  <testcase classname="Wallet.WalletTest" name="GoToWAllet" time="0">
    <skipped/>
  </testcase>
  <testcase classname="Event.EventTest" name="CreateEvent" time="0">
    <skipped/>
  </testcase>
  <testcase classname="Ezqua.ProfilePage.MessageTest" name="ChatWithSendText" time="0">
    <skipped/>
  </testcase>
  <testcase classname="SignUp.SignUpTest" name="SignUpWithDoNotFillFirstName" time="0">
    <skipped/>
  </testcase>
  <testcase classname="Login.TestLogin" name="LoginWithOnlyFillAccount" time="0">
    <skipped/>
  </testcase>
  <testcase classname="Wallet.WalletTest" name="CompareTitle" time="0">
    <skipped/>
  </testcase>
  <testcase classname="formForTest.TestSendEmoji" name="CheckCaseSendText" time="0.001">
    <skipped/>
  </testcase>
  <testcase classname="Ezqua.ProfilePage.MessageTest" name="ChatWithSendEmoji" time="0">
    <skipped/>
  </testcase>
  <testcase classname="Newfeeds.NewfeedTest" name="LikeStatus" time="0">
    <skipped/>
  </testcase>
  <testcase classname="SignUp.SignUpTest" name="SignUpWithDoNotFillLastName" time="0">
    <skipped/>
  </testcase>
  <testcase classname="Login.TestLogin" name="LoginWithOnlyFillPassword" time="0">
    <skipped/>
  </testcase>
  <testcase classname="Wallet.WalletTest" name="FillAmountLessThanMin" time="0.001">
    <skipped/>
  </testcase>
  <testcase classname="Ezqua.ProfilePage.MessageTest" name="Chat" time="0">
    <skipped/>
  </testcase>
  <testcase classname="Newfeeds.NewfeedTest" name="Comment" time="0">
    <skipped/>
  </testcase>
  <testcase classname="SignUp.SignUpTest" name="SignUpWithFillAllSignUpScreen1" time="0">
    <skipped/>
  </testcase>
  <testcase classname="Login.TestLogin" name="LoginWithIncorrectPassword" time="0">
    <skipped/>
  </testcase>
  <testcase classname="Wallet.WalletTest" name="FillAmountBiggerThanMax" time="0">
    <skipped/>
  </testcase>
  <testcase classname="Newfeeds.NewfeedTest" name="CreateNewfeedsWithPrivacyFriend" time="0">
    <skipped/>
  </testcase>
  <testcase classname="SignUp.SignUpTest" name="SignUpWithDoNotFillSignUpScreen2" time="0">
    <skipped/>
  </testcase>
  <testcase classname="Login.TestLogin" name="LoginWithCorrectAccountAndPassword" time="0.002">
    <skipped/>
  </testcase>
  <testcase classname="Wallet.WalletTest" name="DepositWithATM" time="0.008">
    <skipped/>
  </testcase>
  <testcase classname="Newfeeds.NewfeedTest" name="CreateNewfeedsWithPrivacyOnlyMe" time="0">
    <skipped/>
  </testcase>
  <testcase classname="SignUp.SignUpTest" name="SignUpWithOnlyFillUsername" time="0">
    <skipped/>
  </testcase>
  <testcase classname="Login.TestLogin" name="LoginWithEmail" time="0">
    <skipped/>
  </testcase>
  <testcase classname="Wallet.WalletTest" name="WithDrawalLessMin" time="0">
    <skipped/>
  </testcase>
  <testcase classname="Newfeeds.NewfeedTest" name="CreateNewfeedsWithPrivacyPublic" time="0">
    <skipped/>
  </testcase>
  <testcase classname="SignUp.SignUpTest" name="SignUpWithOnlyFillPassword" time="0">
    <skipped/>
  </testcase>
  <testcase classname="Login.TestLogin" name="LoginWithPhoneNumner" time="0">
    <skipped/>
  </testcase>
  <testcase classname="Wallet.WalletTest" name="WithDrawalLessMax" time="0">
    <skipped/>
  </testcase>
  <testcase classname="SignUp.SignUpTest" name="SignUpWithOnlyFillPasswordRe" time="0">
    <skipped/>
  </testcase>
  <testcase classname="Wallet.WalletTest" name="WithDrawalUsingPaypal" time="0">
    <skipped/>
  </testcase>
  <testcase classname="SignUp.SignUpTest" name="SignUpWithOnlyFillEmail" time="0">
    <skipped/>
  </testcase>
  <testcase classname="Wallet.WalletTest" name="WithDrawalUsingBankAccount" time="0">
    <skipped/>
  </testcase>
  <testcase classname="SignUp.SignUpTest" name="SignUpWithOnlyFillEmailRe" time="0">
    <skipped/>
  </testcase>
  <testcase classname="SignUp.SignUpTest" name="SignUpWithOnlyFillPhoneNumber" time="0">
    <skipped/>
  </testcase>
  <testcase classname="SignUp.SignUpTest" name="SignUpWithDulicateUsername" time="0">
    <skipped/>
  </testcase>
  <testcase classname="SignUp.SignUpTest" name="SignUpWithLimitCharaterUsername" time="0">
    <skipped/>
  </testcase>
  <testcase classname="SignUp.SignUpTest" name="SignUpWithUserNameHasSpecialCharacter" time="0">
    <skipped/>
  </testcase>
  <testcase classname="SignUp.SignUpTest" name="SignUpWithLimitPassword" time="0">
    <skipped/>
  </testcase>
  <testcase classname="SignUp.SignUpTest" name="SignUpWithNotMatchPassword" time="0">
    <skipped/>
  </testcase>
  <testcase classname="SignUp.SignUpTest" name="SignUpWithIncorrectEmail" time="0">
    <skipped/>
  </testcase>
  <testcase classname="SignUp.SignUpTest" name="SignUpWithNotMatchEmail" time="0">
    <skipped/>
  </testcase>
  <testcase classname="SignUp.SignUpTest" name="SignUpWithIncorrectPhonenumber" time="0">
    <skipped/>
  </testcase>
  <testcase classname="SignUp.SignUpTest" name="SignUpWithCorrectAllOffField" time="0">
    <skipped/>
  </testcase>
  <testcase classname="Event.EventTest" name="afterTest" time="0">
    <skipped/>
  </testcase>
  <testcase classname="Event.EventTest" name="afterTest" time="0">
    <skipped/>
  </testcase>
  <testcase classname="Event.EventTest" name="afterTest" time="0">
    <skipped/>
  </testcase>
  <testcase classname="Event.EventTest" name="afterTest" time="0">
    <skipped/>
  </testcase>
  <testcase classname="Event.EventTest" name="afterTest" time="0">
    <skipped/>
  </testcase>
  <testcase classname="Event.EventTest" name="afterTest" time="0">
    <skipped/>
  </testcase>
  <testcase classname="Event.EventTest" name="afterTest" time="0">
    <skipped/>
  </testcase>
</testsuite>