<html>
<head>
<title>TestNG:  Command line test</title>
<link href="../testng.css" rel="stylesheet" type="text/css" />
<link href="../my-testng.css" rel="stylesheet" type="text/css" />

<style type="text/css">
.log { display: none;} 
.stack-trace { display: none;} 
</style>
<script type="text/javascript">
<!--
function flip(e) {
  current = e.style.display;
  if (current == 'block') {
    e.style.display = 'none';
    return 0;
  }
  else {
    e.style.display = 'block';
    return 1;
  }
}

function toggleBox(szDivId, elem, msg1, msg2)
{
  var res = -1;  if (document.getElementById) {
    res = flip(document.getElementById(szDivId));
  }
  else if (document.all) {
    // this is the way old msie versions work
    res = flip(document.all[szDivId]);
  }
  if(elem) {
    if(res == 0) elem.innerHTML = msg1; else elem.innerHTML = msg2;
  }

}

function toggleAllBoxes() {
  if (document.getElementsByTagName) {
    d = document.getElementsByTagName('div');
    for (i = 0; i < d.length; i++) {
      if (d[i].className == 'log') {
        flip(d[i]);
      }
    }
  }
}

// -->
</script>

</head>
<body>
<h2 align='center'>Command line test</h2><table border='1' align="center">
<tr>
<td>Tests passed/Failed/Skipped:</td><td>7/0/0</td>
</tr><tr>
<td>Started on:</td><td>Tue Sep 11 11:16:28 ICT 2018</td>
</tr>
<tr><td>Total time:</td><td>102 seconds (102431 ms)</td>
</tr><tr>
<td>Included groups:</td><td></td>
</tr><tr>
<td>Excluded groups:</td><td></td>
</tr>
</table><p/>
<small><i>(Hover the method name to see the test class name)</i></small><p/>
<table width='100%' border='1' class='invocation-failed'>
<tr><td colspan='4' align='center'><b>FAILED CONFIGURATIONS</b></td></tr>
<tr><td><b>Test method</b></td>
<td width="30%"><b>Exception</b></td>
<td width="10%"><b>Time (seconds)</b></td>
<td><b>Instance</b></td>
</tr>
<tr>
<td title='Login.TestLogin.afterTest()'><b>afterTest</b><br>Test class: Login.TestLogin</td>
<td><div><pre>org.openqa.selenium.remote.SessionNotFoundException: A session is either terminated or not started (WARNING: The server did not provide any stacktrace information)
Command duration or timeout: 9 milliseconds
Build info: version: &apos;2.53.1&apos;, revision: &apos;a36b8b1cd5757287168e54b817830adce9b0158d&apos;, time: &apos;2016-06-30 19:26:09&apos;
System info: host: &apos;dfmpc106.example.com&apos;, ip: &apos;127.0.0.1&apos;, os.name: &apos;Linux&apos;, os.arch: &apos;amd64&apos;, os.version: &apos;3.16.0-4-amd64&apos;, java.version: &apos;1.8.0_161&apos;
Driver info: io.appium.java_client.android.AndroidDriver
Capabilities [{app=/home/sysadmin/Workspaces/EZQUA/tests/src/main/resources/app-debug.apk, appPackage=com.amely.socialapp, deviceScreenSize=1080x1920, networkConnectionEnabled=true, warnings={}, appWaitActivity=com.amely.socialapp.view.activity.LoginActivity&apos;,com.amely.socialapp.view.activity.LoginActivity, appWaitPackage=com.amely.socialapp, databaseEnabled=false, deviceName=3300a7537024b357, platform=LINUX, deviceUDID=3300a7537024b357, appActivity=com.amely.socialapp.view.activity.SplashScreenActivity, AppPackage=com.amely.socialapp, desired={app=/home/sysadmin/Workspaces/EZQUA/tests/src/main/resources/app-debug.apk, AppPackage=com.amely.socialapp, appWaitActivity=com.amely.socialapp.view.activity.LoginActivity&apos;,com.amely.socialapp.view.activity.LoginActivity, AppActivity=com.amely.socialapp.view.activity.SplashScreenActivity, platformName=Android, deviceName=192.168.57.101:5555}, platformVersion=7.0, webStorageEnabled=false, locationContextEnabled=false, takesScreenshot=true, AppActivity=com.amely.socialapp.view.activity.SplashScreenActivity, javascriptEnabled=true, deviceModel=SM-G610F, platformName=Android, deviceManufacturer=samsung}]
Session ID: 1cae9d31-d9af-45b2-8ef7-ff1d630a3d24
	at org.openqa.selenium.remote.ErrorHandler.createThrowable(ErrorHandler.java:206)
	at org.openqa.selenium.remote.ErrorHandler.throwIfResponseFailed(ErrorHandler.java:158)
	at org.openqa.selenium.remote.RemoteWebDriver.execute(RemoteWebDriver.java:678)
	at io.appium.java_client.DefaultGenericMobileDriver.execute(DefaultGenericMobileDriver.java:40)
	at io.appium.java_client.AppiumDriver.execute(AppiumDriver.java:235)
	at org.openqa.selenium.remote.RemoteWebDriver.quit(RemoteWebDriver.java:526)
	at Login.TestLogin.afterTest(TestLogin.java:211)
	at org.apache.maven.surefire.testng.TestNGExecutor.run(TestNGExecutor.java:77)
	at org.apache.maven.surefire.testng.TestNGDirectoryTestSuite.execute(TestNGDirectoryTestSuite.java:110)
	at org.apache.maven.surefire.testng.TestNGProvider.invoke(TestNGProvider.java:106)
	at org.apache.maven.surefire.util.ReflectionUtils.invokeMethodWithArray(ReflectionUtils.java:189)
	at org.apache.maven.surefire.booter.ProviderFactory$ProviderProxy.invoke(ProviderFactory.java:165)
	at org.apache.maven.surefire.booter.ProviderFactory.invokeProvider(ProviderFactory.java:85)
	at org.apache.maven.surefire.booter.ForkedBooter.runSuitesInProcess(ForkedBooter.java:115)
	at org.apache.maven.surefire.booter.ForkedBooter.main(ForkedBooter.java:75)
... Removed 27 stack frames</pre></div><a href='#' onClick='toggleBox("stack-trace1399794302", this, "Click to show all stack frames", "Click to hide stack frames")'>Click to show all stack frames</a>
<div class='stack-trace' id='stack-trace1399794302'><pre>org.openqa.selenium.remote.SessionNotFoundException: A session is either terminated or not started (WARNING: The server did not provide any stacktrace information)
Command duration or timeout: 9 milliseconds
Build info: version: &apos;2.53.1&apos;, revision: &apos;a36b8b1cd5757287168e54b817830adce9b0158d&apos;, time: &apos;2016-06-30 19:26:09&apos;
System info: host: &apos;dfmpc106.example.com&apos;, ip: &apos;127.0.0.1&apos;, os.name: &apos;Linux&apos;, os.arch: &apos;amd64&apos;, os.version: &apos;3.16.0-4-amd64&apos;, java.version: &apos;1.8.0_161&apos;
Driver info: io.appium.java_client.android.AndroidDriver
Capabilities [{app=/home/sysadmin/Workspaces/EZQUA/tests/src/main/resources/app-debug.apk, appPackage=com.amely.socialapp, deviceScreenSize=1080x1920, networkConnectionEnabled=true, warnings={}, appWaitActivity=com.amely.socialapp.view.activity.LoginActivity&apos;,com.amely.socialapp.view.activity.LoginActivity, appWaitPackage=com.amely.socialapp, databaseEnabled=false, deviceName=3300a7537024b357, platform=LINUX, deviceUDID=3300a7537024b357, appActivity=com.amely.socialapp.view.activity.SplashScreenActivity, AppPackage=com.amely.socialapp, desired={app=/home/sysadmin/Workspaces/EZQUA/tests/src/main/resources/app-debug.apk, AppPackage=com.amely.socialapp, appWaitActivity=com.amely.socialapp.view.activity.LoginActivity&apos;,com.amely.socialapp.view.activity.LoginActivity, AppActivity=com.amely.socialapp.view.activity.SplashScreenActivity, platformName=Android, deviceName=192.168.57.101:5555}, platformVersion=7.0, webStorageEnabled=false, locationContextEnabled=false, takesScreenshot=true, AppActivity=com.amely.socialapp.view.activity.SplashScreenActivity, javascriptEnabled=true, deviceModel=SM-G610F, platformName=Android, deviceManufacturer=samsung}]
Session ID: 1cae9d31-d9af-45b2-8ef7-ff1d630a3d24
	at sun.reflect.NativeConstructorAccessorImpl.newInstance0(Native Method)
	at sun.reflect.NativeConstructorAccessorImpl.newInstance(NativeConstructorAccessorImpl.java:62)
	at sun.reflect.DelegatingConstructorAccessorImpl.newInstance(DelegatingConstructorAccessorImpl.java:45)
	at java.lang.reflect.Constructor.newInstance(Constructor.java:423)
	at org.openqa.selenium.remote.ErrorHandler.createThrowable(ErrorHandler.java:206)
	at org.openqa.selenium.remote.ErrorHandler.throwIfResponseFailed(ErrorHandler.java:158)
	at org.openqa.selenium.remote.RemoteWebDriver.execute(RemoteWebDriver.java:678)
	at io.appium.java_client.DefaultGenericMobileDriver.execute(DefaultGenericMobileDriver.java:40)
	at io.appium.java_client.AppiumDriver.execute(AppiumDriver.java:235)
	at org.openqa.selenium.remote.RemoteWebDriver.quit(RemoteWebDriver.java:526)
	at Login.TestLogin.afterTest(TestLogin.java:211)
	at sun.reflect.NativeMethodAccessorImpl.invoke0(Native Method)
	at sun.reflect.NativeMethodAccessorImpl.invoke(NativeMethodAccessorImpl.java:62)
	at sun.reflect.DelegatingMethodAccessorImpl.invoke(DelegatingMethodAccessorImpl.java:43)
	at java.lang.reflect.Method.invoke(Method.java:498)
	at org.testng.internal.MethodInvocationHelper.invokeMethod(MethodInvocationHelper.java:80)
	at org.testng.internal.Invoker.invokeConfigurationMethod(Invoker.java:564)
	at org.testng.internal.Invoker.invokeConfigurations(Invoker.java:213)
	at org.testng.internal.Invoker.invokeConfigurations(Invoker.java:138)
	at org.testng.TestRunner.afterRun(TestRunner.java:1021)
	at org.testng.TestRunner.run(TestRunner.java:621)
	at org.testng.SuiteRunner.runTest(SuiteRunner.java:334)
	at org.testng.SuiteRunner.runSequentially(SuiteRunner.java:329)
	at org.testng.SuiteRunner.privateRun(SuiteRunner.java:291)
	at org.testng.SuiteRunner.run(SuiteRunner.java:240)
	at org.testng.SuiteRunnerWorker.runSuite(SuiteRunnerWorker.java:52)
	at org.testng.SuiteRunnerWorker.run(SuiteRunnerWorker.java:86)
	at org.testng.TestNG.runSuitesSequentially(TestNG.java:1198)
	at org.testng.TestNG.runSuitesLocally(TestNG.java:1123)
	at org.testng.TestNG.run(TestNG.java:1031)
	at org.apache.maven.surefire.testng.TestNGExecutor.run(TestNGExecutor.java:77)
	at org.apache.maven.surefire.testng.TestNGDirectoryTestSuite.execute(TestNGDirectoryTestSuite.java:110)
	at org.apache.maven.surefire.testng.TestNGProvider.invoke(TestNGProvider.java:106)
	at sun.reflect.NativeMethodAccessorImpl.invoke0(Native Method)
	at sun.reflect.NativeMethodAccessorImpl.invoke(NativeMethodAccessorImpl.java:62)
	at sun.reflect.DelegatingMethodAccessorImpl.invoke(DelegatingMethodAccessorImpl.java:43)
	at java.lang.reflect.Method.invoke(Method.java:498)
	at org.apache.maven.surefire.util.ReflectionUtils.invokeMethodWithArray(ReflectionUtils.java:189)
	at org.apache.maven.surefire.booter.ProviderFactory$ProviderProxy.invoke(ProviderFactory.java:165)
	at org.apache.maven.surefire.booter.ProviderFactory.invokeProvider(ProviderFactory.java:85)
	at org.apache.maven.surefire.booter.ForkedBooter.runSuitesInProcess(ForkedBooter.java:115)
	at org.apache.maven.surefire.booter.ForkedBooter.main(ForkedBooter.java:75)
</pre></div></td>
<td>0</td>
<td>null</td></tr>
</table><p>
<table width='100%' border='1' class='invocation-passed'>
<tr><td colspan='4' align='center'><b>PASSED TESTS</b></td></tr>
<tr><td><b>Test method</b></td>
<td width="30%"><b>Exception</b></td>
<td width="10%"><b>Time (seconds)</b></td>
<td><b>Instance</b></td>
</tr>
<tr>
<td title='Login.TestLogin.LoginWithAccountNull()'><b>LoginWithAccountNull</b><br>Test class: Login.TestLogin</td>
<td></td>
<td>18</td>
<td>Login.TestLogin@6fb554cc</td></tr>
<tr>
<td title='Login.TestLogin.LoginWithCorrectAccountAndPassword()'><b>LoginWithCorrectAccountAndPassword</b><br>Test class: Login.TestLogin</td>
<td></td>
<td>0</td>
<td>Login.TestLogin@6fb554cc</td></tr>
<tr>
<td title='Login.TestLogin.LoginWithEmail()'><b>LoginWithEmail</b><br>Test class: Login.TestLogin</td>
<td></td>
<td>0</td>
<td>Login.TestLogin@6fb554cc</td></tr>
<tr>
<td title='Login.TestLogin.LoginWithIncorrectPassword()'><b>LoginWithIncorrectPassword</b><br>Test class: Login.TestLogin</td>
<td></td>
<td>5</td>
<td>Login.TestLogin@6fb554cc</td></tr>
<tr>
<td title='Login.TestLogin.LoginWithOnlyFillAccount()'><b>LoginWithOnlyFillAccount</b><br>Test class: Login.TestLogin</td>
<td></td>
<td>26</td>
<td>Login.TestLogin@6fb554cc</td></tr>
<tr>
<td title='Login.TestLogin.LoginWithOnlyFillPassword()'><b>LoginWithOnlyFillPassword</b><br>Test class: Login.TestLogin</td>
<td></td>
<td>27</td>
<td>Login.TestLogin@6fb554cc</td></tr>
<tr>
<td title='Login.TestLogin.LoginWithPhoneNumner()'><b>LoginWithPhoneNumner</b><br>Test class: Login.TestLogin</td>
<td></td>
<td>0</td>
<td>Login.TestLogin@6fb554cc</td></tr>
</table><p>
</body>
</html>